<?xml version="1.0" encoding="UTF-8"?>
<testng-results ignored="0" total="1" passed="1" failed="0" skipped="0">
  <reporter-output>
  </reporter-output>
  <suite started-at="2025-07-30T14:35:10 JST" name="Default suite" finished-at="2025-07-30T14:35:18 JST" duration-ms="7390">
    <groups>
    </groups>
    <test started-at="2025-07-30T14:35:10 JST" name="Default test" finished-at="2025-07-30T14:35:18 JST" duration-ms="7390">
      <class name="scenario.ScenarioTest">
        <test-method is-config="true" signature="before()[pri:0, instance:scenario.ScenarioTest@67c27493]" started-at="2025-07-30T14:35:11 JST" name="before" finished-at="2025-07-30T14:35:13 JST" duration-ms="2121" status="PASS">
          <reporter-output>
          </reporter-output>
        </test-method> <!-- before -->
        <test-method signature="scenarioTest001()[pri:0, instance:scenario.ScenarioTest@67c27493]" started-at="2025-07-30T14:35:13 JST" name="scenarioTest001" finished-at="2025-07-30T14:35:18 JST" duration-ms="5065" status="PASS">
          <reporter-output>
          </reporter-output>
        </test-method> <!-- scenarioTest001 -->
        <test-method is-config="true" signature="after(org.testng.ITestResult)[pri:0, instance:scenario.ScenarioTest@67c27493]" started-at="2025-07-30T14:35:18 JST" name="after" finished-at="2025-07-30T14:35:18 JST" duration-ms="168" status="PASS">
          <params>
            <param index="0">
              <value>
                <![CDATA[[TestResult name=scenarioTest001 status=SUCCESS method=ScenarioTest.scenarioTest001()[pri:0, instance:scenario.ScenarioTest@67c27493] output={null}]]]>
              </value>
            </param>
          </params>
          <reporter-output>
          </reporter-output>
        </test-method> <!-- after -->
      </class> <!-- scenario.ScenarioTest -->
    </test> <!-- Default test -->
  </suite> <!-- Default suite -->
</testng-results>
