<?xml version="1.0" encoding="UTF-8"?>
<testng-results ignored="0" total="2" passed="2" failed="0" skipped="0">
  <reporter-output>
  </reporter-output>
  <suite started-at="2025-07-29T14:39:19 JST" name="Default suite" finished-at="2025-07-29T14:39:31 JST" duration-ms="12216">
    <groups>
      <group name="scenario">
        <method signature="ScenarioTest.scenarioTest001()[pri:0, instance:scenario.ScenarioTest@692f203f]" name="scenarioTest001" class="scenario.ScenarioTest"/>
      </group> <!-- scenario -->
      <group name="sample">
        <method signature="SampleTest.sampleTest001()[pri:0, instance:scenario.SampleTest@747ddf94]" name="sampleTest001" class="scenario.SampleTest"/>
      </group> <!-- sample -->
    </groups>
    <test started-at="2025-07-29T14:39:19 JST" name="Default test" finished-at="2025-07-29T14:39:31 JST" duration-ms="12216">
      <class name="scenario.SampleTest">
        <test-method is-config="true" signature="before()[pri:0, instance:scenario.SampleTest@747ddf94]" started-at="2025-07-29T14:39:19 JST" name="before" finished-at="2025-07-29T14:39:25 JST" duration-ms="5616" status="PASS">
          <reporter-output>
          </reporter-output>
        </test-method> <!-- before -->
        <test-method signature="sampleTest001()[pri:0, instance:scenario.SampleTest@747ddf94]" started-at="2025-07-29T14:39:25 JST" name="sampleTest001" finished-at="2025-07-29T14:39:30 JST" duration-ms="4941" status="PASS">
          <reporter-output>
          </reporter-output>
        </test-method> <!-- sampleTest001 -->
        <test-method is-config="true" signature="after(org.testng.ITestResult)[pri:0, instance:scenario.SampleTest@747ddf94]" started-at="2025-07-29T14:39:30 JST" name="after" finished-at="2025-07-29T14:39:30 JST" duration-ms="205" status="PASS">
          <params>
            <param index="0">
              <value>
                <![CDATA[[TestResult name=sampleTest001 status=SUCCESS method=SampleTest.sampleTest001()[pri:0, instance:scenario.SampleTest@747ddf94] output={null}]]]>
              </value>
            </param>
          </params>
          <reporter-output>
          </reporter-output>
        </test-method> <!-- after -->
      </class> <!-- scenario.SampleTest -->
      <class name="scenario.ScenarioTest">
        <test-method is-config="true" signature="before()[pri:0, instance:scenario.ScenarioTest@692f203f]" started-at="2025-07-29T14:39:30 JST" name="before" finished-at="2025-07-29T14:39:31 JST" duration-ms="1239" status="PASS">
          <reporter-output>
          </reporter-output>
        </test-method> <!-- before -->
        <test-method signature="scenarioTest001()[pri:0, instance:scenario.ScenarioTest@692f203f]" started-at="2025-07-29T14:39:31 JST" name="scenarioTest001" finished-at="2025-07-29T14:39:31 JST" duration-ms="1" status="PASS">
          <reporter-output>
          </reporter-output>
        </test-method> <!-- scenarioTest001 -->
        <test-method is-config="true" signature="after(org.testng.ITestResult)[pri:0, instance:scenario.ScenarioTest@692f203f]" started-at="2025-07-29T14:39:31 JST" name="after" finished-at="2025-07-29T14:39:31 JST" duration-ms="153" status="PASS">
          <params>
            <param index="0">
              <value>
                <![CDATA[[TestResult name=scenarioTest001 status=SUCCESS method=ScenarioTest.scenarioTest001()[pri:0, instance:scenario.ScenarioTest@692f203f] output={null}]]]>
              </value>
            </param>
          </params>
          <reporter-output>
          </reporter-output>
        </test-method> <!-- after -->
      </class> <!-- scenario.ScenarioTest -->
    </test> <!-- Default test -->
  </suite> <!-- Default suite -->
</testng-results>
