<?xml version="1.0" encoding="UTF-8"?>
<testng-results ignored="0" total="1" passed="1" failed="0" skipped="0">
  <reporter-output>
  </reporter-output>
  <suite started-at="2025-07-30T13:25:40 JST" name="Default suite" finished-at="2025-07-30T13:26:25 JST" duration-ms="44311">
    <groups>
      <group name="scenario">
        <method signature="SampleTest.sampleTest001()[pri:0, instance:scenario.SampleTest@2f9f7dcf]" name="sampleTest001" class="scenario.SampleTest"/>
      </group> <!-- scenario -->
    </groups>
    <test started-at="2025-07-30T13:25:40 JST" name="Default test" finished-at="2025-07-30T13:26:25 JST" duration-ms="44311">
      <class name="scenario.SampleTest">
        <test-method is-config="true" signature="before()[pri:0, instance:scenario.SampleTest@2f9f7dcf]" started-at="2025-07-30T13:25:40 JST" name="before" finished-at="2025-07-30T13:25:46 JST" duration-ms="5960" status="PASS">
          <reporter-output>
          </reporter-output>
        </test-method> <!-- before -->
        <test-method signature="sampleTest001()[pri:0, instance:scenario.SampleTest@2f9f7dcf]" started-at="2025-07-30T13:25:46 JST" name="sampleTest001" finished-at="2025-07-30T13:26:22 JST" duration-ms="35500" status="PASS">
          <reporter-output>
          </reporter-output>
        </test-method> <!-- sampleTest001 -->
        <test-method is-config="true" signature="after(org.testng.ITestResult)[pri:0, instance:scenario.SampleTest@2f9f7dcf]" started-at="2025-07-30T13:26:22 JST" name="after" finished-at="2025-07-30T13:26:25 JST" duration-ms="2786" status="PASS">
          <params>
            <param index="0">
              <value>
                <![CDATA[[TestResult name=sampleTest001 status=SUCCESS method=SampleTest.sampleTest001()[pri:0, instance:scenario.SampleTest@2f9f7dcf] output={null}]]]>
              </value>
            </param>
          </params>
          <reporter-output>
          </reporter-output>
        </test-method> <!-- after -->
      </class> <!-- scenario.SampleTest -->
    </test> <!-- Default test -->
  </suite> <!-- Default suite -->
</testng-results>
