<?xml version="1.0" encoding="UTF-8"?>
<testng-results ignored="0" total="1" passed="1" failed="0" skipped="0">
  <reporter-output>
  </reporter-output>
  <suite started-at="2025-07-29T14:49:39 JST" name="sample_suite" finished-at="2025-07-29T14:49:47 JST" duration-ms="7965">
    <groups>
      <group name="scenario">
        <method signature="ArigaTest.scenarioTest001()[pri:0, instance:scenario.ArigaTest@72967906]" name="scenarioTest001" class="scenario.ArigaTest"/>
      </group> <!-- scenario -->
    </groups>
    <test started-at="2025-07-29T14:49:39 JST" name="sample_test" finished-at="2025-07-29T14:49:47 JST" duration-ms="7965">
      <class name="scenario.ArigaTest">
        <test-method is-config="true" signature="before()[pri:0, instance:scenario.ArigaTest@72967906]" started-at="2025-07-29T14:49:39 JST" name="before" finished-at="2025-07-29T14:49:41 JST" duration-ms="2296" status="PASS">
          <reporter-output>
          </reporter-output>
        </test-method> <!-- before -->
        <test-method signature="scenarioTest001()[pri:0, instance:scenario.ArigaTest@72967906]" started-at="2025-07-29T14:49:41 JST" name="scenarioTest001" finished-at="2025-07-29T14:49:47 JST" duration-ms="5426" status="PASS">
          <reporter-output>
          </reporter-output>
        </test-method> <!-- scenarioTest001 -->
        <test-method is-config="true" signature="after(org.testng.ITestResult)[pri:0, instance:scenario.ArigaTest@72967906]" started-at="2025-07-29T14:49:47 JST" name="after" finished-at="2025-07-29T14:49:47 JST" duration-ms="195" status="PASS">
          <params>
            <param index="0">
              <value>
                <![CDATA[[TestResult name=scenarioTest001 status=SUCCESS method=ArigaTest.scenarioTest001()[pri:0, instance:scenario.ArigaTest@72967906] output={null}]]]>
              </value>
            </param>
          </params>
          <reporter-output>
          </reporter-output>
        </test-method> <!-- after -->
      </class> <!-- scenario.ArigaTest -->
    </test> <!-- sample_test -->
  </suite> <!-- sample_suite -->
</testng-results>
