<?xml version="1.0" encoding="UTF-8"?>
<testng-results ignored="0" total="1" passed="1" failed="0" skipped="0">
  <reporter-output>
  </reporter-output>
  <suite started-at="2025-07-30T13:11:12 JST" name="Default suite" finished-at="2025-07-30T13:11:53 JST" duration-ms="40454">
    <groups>
      <group name="scenario">
        <method signature="SampleTest.sampleTest001()[pri:0, instance:scenario.SampleTest@2f9f7dcf]" name="sampleTest001" class="scenario.SampleTest"/>
      </group> <!-- scenario -->
    </groups>
    <test started-at="2025-07-30T13:11:12 JST" name="Default test" finished-at="2025-07-30T13:11:53 JST" duration-ms="40454">
      <class name="scenario.SampleTest">
        <test-method is-config="true" signature="before()[pri:0, instance:scenario.SampleTest@2f9f7dcf]" started-at="2025-07-30T13:11:12 JST" name="before" finished-at="2025-07-30T13:11:23 JST" duration-ms="10358" status="PASS">
          <reporter-output>
          </reporter-output>
        </test-method> <!-- before -->
        <test-method signature="sampleTest001()[pri:0, instance:scenario.SampleTest@2f9f7dcf]" started-at="2025-07-30T13:11:23 JST" name="sampleTest001" finished-at="2025-07-30T13:11:49 JST" duration-ms="26020" status="PASS">
          <reporter-output>
          </reporter-output>
        </test-method> <!-- sampleTest001 -->
        <test-method is-config="true" signature="after(org.testng.ITestResult)[pri:0, instance:scenario.SampleTest@2f9f7dcf]" started-at="2025-07-30T13:11:49 JST" name="after" finished-at="2025-07-30T13:11:53 JST" duration-ms="3926" status="PASS">
          <params>
            <param index="0">
              <value>
                <![CDATA[[TestResult name=sampleTest001 status=SUCCESS method=SampleTest.sampleTest001()[pri:0, instance:scenario.SampleTest@2f9f7dcf] output={null}]]]>
              </value>
            </param>
          </params>
          <reporter-output>
          </reporter-output>
        </test-method> <!-- after -->
      </class> <!-- scenario.SampleTest -->
    </test> <!-- Default test -->
  </suite> <!-- Default suite -->
</testng-results>
