<?xml version="1.0" encoding="UTF-8"?>
<testng-results ignored="0" total="1" passed="0" failed="1" skipped="0">
  <reporter-output>
  </reporter-output>
  <suite started-at="2025-07-29T17:40:08 JST" name="sample_suite" finished-at="2025-07-29T17:40:20 JST" duration-ms="11410">
    <groups>
      <group name="scenario">
        <method signature="InoueScenarioTest.scenarioTest001()[pri:0, instance:scenario.InoueScenarioTest@72967906]" name="scenarioTest001" class="scenario.InoueScenarioTest"/>
      </group> <!-- scenario -->
    </groups>
    <test started-at="2025-07-29T17:40:08 JST" name="sample_test" finished-at="2025-07-29T17:40:20 JST" duration-ms="11410">
      <class name="scenario.InoueScenarioTest">
        <test-method is-config="true" signature="before()[pri:0, instance:scenario.InoueScenarioTest@72967906]" started-at="2025-07-29T17:40:08 JST" name="before" finished-at="2025-07-29T17:40:12 JST" duration-ms="3636" status="PASS">
          <reporter-output>
          </reporter-output>
        </test-method> <!-- before -->
        <test-method signature="scenarioTest001()[pri:0, instance:scenario.InoueScenarioTest@72967906]" started-at="2025-07-29T17:40:12 JST" name="scenarioTest001" finished-at="2025-07-29T17:40:19 JST" duration-ms="7188" status="FAIL">
          <exception class="java.lang.AssertionError">
            <message>
              <![CDATA[expected [test.jpd.co.jp] but found [test@jpd.co.jp]]]>
            </message>
            <full-stacktrace>
              <![CDATA[java.lang.AssertionError: expected [test.jpd.co.jp] but found [test@jpd.co.jp]
at org.testng.Assert.fail(Assert.java:111)
at org.testng.Assert.failNotEquals(Assert.java:1578)
at org.testng.Assert.assertEqualsImpl(Assert.java:150)
at org.testng.Assert.assertEquals(Assert.java:132)
at org.testng.Assert.assertEquals(Assert.java:656)
at org.testng.Assert.assertEquals(Assert.java:666)
at scenario.TestBase.assertText(TestBase.java:73)
at scenario.InoueScenarioTest.scenarioTest001(InoueScenarioTest.java:84)
at java.base/jdk.internal.reflect.NativeMethodAccessorImpl.invoke0(Native Method)
at java.base/jdk.internal.reflect.NativeMethodAccessorImpl.invoke(NativeMethodAccessorImpl.java:77)
at java.base/jdk.internal.reflect.DelegatingMethodAccessorImpl.invoke(DelegatingMethodAccessorImpl.java:43)
at java.base/java.lang.reflect.Method.invoke(Method.java:569)
at org.testng.internal.invokers.MethodInvocationHelper.invokeMethod(MethodInvocationHelper.java:139)
at org.testng.internal.invokers.TestInvoker.invokeMethod(TestInvoker.java:664)
at org.testng.internal.invokers.TestInvoker.invokeTestMethod(TestInvoker.java:227)
at org.testng.internal.invokers.MethodRunner.runInSequence(MethodRunner.java:50)
at org.testng.internal.invokers.TestInvoker$MethodInvocationAgent.invoke(TestInvoker.java:957)
at org.testng.internal.invokers.TestInvoker.invokeTestMethods(TestInvoker.java:200)
at org.testng.internal.invokers.TestMethodWorker.invokeTestMethods(TestMethodWorker.java:148)
at org.testng.internal.invokers.TestMethodWorker.run(TestMethodWorker.java:128)
at java.base/java.util.concurrent.ThreadPoolExecutor.runWorker(ThreadPoolExecutor.java:1136)
at java.base/java.util.concurrent.ThreadPoolExecutor$Worker.run(ThreadPoolExecutor.java:635)
at java.base/java.lang.Thread.run(Thread.java:840)
]]>
            </full-stacktrace>
          </exception> <!-- java.lang.AssertionError -->
          <reporter-output>
          </reporter-output>
        </test-method> <!-- scenarioTest001 -->
        <test-method is-config="true" signature="after(org.testng.ITestResult)[pri:0, instance:scenario.InoueScenarioTest@72967906]" started-at="2025-07-29T17:40:19 JST" name="after" finished-at="2025-07-29T17:40:20 JST" duration-ms="517" status="PASS">
          <params>
            <param index="0">
              <value>
                <![CDATA[[TestResult name=scenarioTest001 status=FAILURE method=InoueScenarioTest.scenarioTest001()[pri:0, instance:scenario.InoueScenarioTest@72967906] output={null}]]]>
              </value>
            </param>
          </params>
          <reporter-output>
          </reporter-output>
        </test-method> <!-- after -->
      </class> <!-- scenario.InoueScenarioTest -->
    </test> <!-- sample_test -->
  </suite> <!-- sample_suite -->
</testng-results>
