<?xml version="1.0" encoding="UTF-8"?>
<testng-results ignored="0" total="1" passed="1" failed="0" skipped="0">
  <reporter-output>
  </reporter-output>
  <suite started-at="2025-07-30T09:31:11 JST" name="sample_suite" finished-at="2025-07-30T09:31:26 JST" duration-ms="14867">
    <groups>
      <group name="scenario">
        <method signature="InoueScenarioTest.scenarioTest001()[pri:0, instance:scenario.InoueScenarioTest@72967906]" name="scenarioTest001" class="scenario.InoueScenarioTest"/>
      </group> <!-- scenario -->
    </groups>
    <test started-at="2025-07-30T09:31:11 JST" name="sample_test" finished-at="2025-07-30T09:31:26 JST" duration-ms="14867">
      <class name="scenario.InoueScenarioTest">
        <test-method is-config="true" signature="before()[pri:0, instance:scenario.InoueScenarioTest@72967906]" started-at="2025-07-30T09:31:11 JST" name="before" finished-at="2025-07-30T09:31:17 JST" duration-ms="5108" status="PASS">
          <reporter-output>
          </reporter-output>
        </test-method> <!-- before -->
        <test-method signature="scenarioTest001()[pri:0, instance:scenario.InoueScenarioTest@72967906]" started-at="2025-07-30T09:31:17 JST" name="scenarioTest001" finished-at="2025-07-30T09:31:26 JST" duration-ms="9099" status="PASS">
          <reporter-output>
          </reporter-output>
        </test-method> <!-- scenarioTest001 -->
        <test-method is-config="true" signature="after(org.testng.ITestResult)[pri:0, instance:scenario.InoueScenarioTest@72967906]" started-at="2025-07-30T09:31:26 JST" name="after" finished-at="2025-07-30T09:31:26 JST" duration-ms="595" status="PASS">
          <params>
            <param index="0">
              <value>
                <![CDATA[[TestResult name=scenarioTest001 status=SUCCESS method=InoueScenarioTest.scenarioTest001()[pri:0, instance:scenario.InoueScenarioTest@72967906] output={null}]]]>
              </value>
            </param>
          </params>
          <reporter-output>
          </reporter-output>
        </test-method> <!-- after -->
      </class> <!-- scenario.InoueScenarioTest -->
    </test> <!-- sample_test -->
  </suite> <!-- sample_suite -->
</testng-results>
